\BOOKMARK [1][-]{section.1}{\376\377\000M\000e\000n\000g\000e\000n\000l\000e\000h\000r\000e}{}% 1
\BOOKMARK [2][-]{subsection.1.1}{\376\377\000M\000e\000n\000g\000e\000n\000\040\000u\000n\000d\000\040\000K\000l\000a\000s\000s\000e\000n}{section.1}% 2
\BOOKMARK [3][-]{subsubsection.1.1.1}{\376\377\000A\000x\000i\000o\000m\000e\000n\000s\000y\000s\000t\000e\000m\000e\000\040\000f\000\374\000r\000\040\000d\000i\000e\000\040\000M\000e\000n\000g\000e\000n\000l\000e\000h\000r\000e}{subsection.1.1}% 3
\BOOKMARK [2][-]{subsection.1.2}{\376\377\000S\000t\000u\000f\000e\000n\000\040\000u\000n\000d\000\040\000G\000e\000s\000c\000h\000i\000c\000h\000t\000e\000n}{section.1}% 4
\BOOKMARK [2][-]{subsection.1.3}{\376\377\000R\000e\000l\000a\000t\000i\000o\000n\000e\000n\000\040\000u\000n\000d\000\040\000F\000u\000n\000k\000t\000i\000o\000n\000e\000n}{section.1}% 5
\BOOKMARK [2][-]{subsection.1.4}{\376\377\000O\000r\000d\000i\000n\000a\000l\000z\000a\000h\000l\000e\000n}{section.1}% 6
\BOOKMARK [3][-]{subsubsection.1.4.1}{\376\377\000O\000r\000d\000i\000n\000a\000l\000e\000\040\000u\000n\000d\000\040\000S\000t\000u\000f\000e\000n}{subsection.1.4}% 7
\BOOKMARK [3][-]{subsubsection.1.4.2}{\376\377\000D\000e\000r\000\040\000R\000e\000k\000u\000r\000s\000i\000o\000n\000s\000s\000a\000t\000z}{subsection.1.4}% 8
\BOOKMARK [2][-]{subsection.1.5}{\376\377\000D\000a\000s\000\040\000A\000u\000s\000w\000a\000h\000l\000a\000x\000i\000o\000m\000\040\000\050\000A\000C\000\051}{section.1}% 9
\BOOKMARK [3][-]{subsubsection.1.5.1}{\376\377\000F\000o\000l\000g\000e\000r\000u\000n\000g\000e\000n\000\040\000a\000u\000s\000\040\000d\000e\000m\000\040\000A\000u\000s\000w\000a\000h\000l\000a\000x\000i\000o\000m}{subsection.1.5}% 10
\BOOKMARK [3][-]{subsubsection.1.5.2}{\376\377\000D\000e\000r\000\040\000S\000a\000t\000z\000\040\000v\000o\000n\000\040\000B\000a\000n\000a\000c\000h\000-\000T\000a\000r\000s\000k\000i}{subsection.1.5}% 11
\BOOKMARK [2][-]{subsection.1.6}{\376\377\000M\000\344\000c\000h\000t\000i\000g\000k\000e\000i\000t\000e\000n\000\040\000u\000n\000d\000\040\000K\000a\000r\000d\000i\000n\000a\000l\000z\000a\000h\000l\000e\000n}{section.1}% 12
\BOOKMARK [3][-]{subsubsection.1.6.1}{\376\377\000K\000a\000r\000d\000i\000n\000a\000l\000z\000a\000h\000l\000a\000r\000i\000t\000h\000m\000e\000t\000i\000k}{subsection.1.6}% 13
\BOOKMARK [3][-]{subsubsection.1.6.2}{\376\377\000D\000i\000e\000\040\000K\000o\000n\000t\000i\000n\000u\000u\000m\000s\000h\000y\000p\000o\000t\000h\000e\000s\000e\000\040\000\050\000C\000H\000\051}{subsection.1.6}% 14
\BOOKMARK [1][-]{section.2}{\376\377\000D\000i\000e\000\040\000G\000\366\000d\000e\000l\000s\000c\000h\000e\000n\000\040\000U\000n\000v\000o\000l\000l\000s\000t\000\344\000n\000d\000i\000g\000k\000e\000i\000t\000s\000s\000\344\000t\000z\000e}{}% 15
\BOOKMARK [2][-]{subsection.2.1}{\376\377\000D\000a\000s\000\040\000H\000i\000l\000b\000e\000r\000t\000s\000c\000h\000e\000\040\000P\000r\000o\000g\000r\000a\000m\000m}{section.2}% 16
\BOOKMARK [2][-]{subsection.2.2}{\376\377\000T\000h\000e\000o\000r\000i\000e\000n}{section.2}% 17
\BOOKMARK [2][-]{subsection.2.3}{\376\377\000K\000o\000d\000i\000e\000r\000u\000n\000g\000\040\000v\000o\000n\000\040\000T\000u\000r\000i\000n\000g\000\040\000M\000a\000s\000c\000h\000i\000n\000e\000n}{section.2}% 18
\BOOKMARK [2][-]{subsection.2.4}{\376\377\000G\000\366\000d\000e\000l\000i\000s\000i\000e\000r\000u\000n\000g\000\040\000v\000o\000n\000\040\000T\000e\000r\000m\000e\000n\000\040\000u\000n\000d\000\040\000F\000o\000r\000m\000e\000l\000n}{section.2}% 19
\BOOKMARK [1][-]{section.3}{\376\377\000M\000o\000d\000e\000l\000l\000t\000h\000e\000o\000r\000i\000e}{}% 20
\BOOKMARK [2][-]{subsection.3.1}{\376\377\000E\000r\000h\000a\000l\000t\000u\000n\000g\000s\000s\000\344\000t\000z\000e\000\040\000\050\000C\000h\000a\000r\000a\000k\000t\000e\000r\000i\000s\000i\000e\000r\000u\000n\000g\000s\000s\000\344\000t\000z\000e\000\051}{section.3}% 21
\BOOKMARK [2][-]{subsection.3.2}{\376\377\000I\000n\000f\000i\000n\000t\000\344\000r\000e\000\040\000L\000o\000g\000i\000k\000\040\000u\000n\000d\000\040\000E\000h\000r\000e\000n\000f\000e\000u\000c\000h\000t\000-\000F\000r\000a\000\357\000s\000s\000\351\000-\000S\000p\000i\000e\000l\000e}{section.3}% 22
